<?xml version="1.0" encoding="UTF-8"?>
<testng-results skipped="0" failed="0" total="1" passed="1">
  <reporter-output>
  </reporter-output>
  <suite name="Tests" duration-ms="18255" started-at="2014-08-04T12:06:10Z" finished-at="2014-08-04T12:06:29Z">
    <groups>
    </groups>
    <test name="Test1" duration-ms="18255" started-at="2014-08-04T12:06:10Z" finished-at="2014-08-04T12:06:29Z">
      <class name="com.testing.gtech.GtechGame1.SampleTestNgTest">
        <test-method status="PASS" signature="initTestSuite()[pri:0, instance:com.testing.gtech.GtechGame1.SampleTestNgTest@9c0ec97]" name="initTestSuite" is-config="true" duration-ms="14" started-at="2014-08-04T17:36:10Z" finished-at="2014-08-04T17:36:10Z">
          <reporter-output>
          </reporter-output>
        </test-method> <!-- initTestSuite -->
        <test-method status="PASS" signature="initWebDriver()[pri:0, instance:com.testing.gtech.GtechGame1.SampleTestNgTest@9c0ec97]" name="initWebDriver" is-config="true" duration-ms="8855" started-at="2014-08-04T17:36:10Z" finished-at="2014-08-04T17:36:19Z">
          <reporter-output>
          </reporter-output>
        </test-method> <!-- initWebDriver -->
        <test-method status="PASS" signature="initPageObjects()[pri:0, instance:com.testing.gtech.GtechGame1.SampleTestNgTest@9c0ec97]" name="initPageObjects" is-config="true" duration-ms="20" started-at="2014-08-04T17:36:19Z" finished-at="2014-08-04T17:36:19Z">
          <reporter-output>
          </reporter-output>
        </test-method> <!-- initPageObjects -->
        <test-method status="PASS" signature="testHomePageHasAHeader()[pri:0, instance:com.testing.gtech.GtechGame1.SampleTestNgTest@9c0ec97]" name="testHomePageHasAHeader" duration-ms="9373" started-at="2014-08-04T17:36:19Z" finished-at="2014-08-04T17:36:29Z">
          <reporter-output>
          </reporter-output>
        </test-method> <!-- testHomePageHasAHeader -->
        <test-method status="PASS" signature="tearDown()[pri:0, instance:com.testing.gtech.GtechGame1.SampleTestNgTest@9c0ec97]" name="tearDown" is-config="true" duration-ms="192" started-at="2014-08-04T17:36:29Z" finished-at="2014-08-04T17:36:29Z">
          <reporter-output>
          </reporter-output>
        </test-method> <!-- tearDown -->
      </class> <!-- com.testing.gtech.GtechGame1.SampleTestNgTest -->
    </test> <!-- Test1 -->
  </suite> <!-- Tests -->
</testng-results>
